<?xml version="1.0" encoding="UTF-8"?>
<!-- Generated by org.testng.reporters.JUnitReportReporter -->
<testsuite hostname="DESKTOP-O9G7L1R" failures="0" tests="1" name="testcases.TestCase" time="8.152" errors="0" timestamp="2024-01-08T14:17:08 IST" skipped="0">
  <testcase classname="testcases.TestCase" name="LoginTest" time="8.152"/>
</testsuite> <!-- testcases.TestCase -->
